
=== Thu Nov 15 01:36:14 2018

Packages were changed.
Update Mode: updateDependencies

The following packages were added:
  com.unity.collab-proxy@1.2.11
The following packages were updated:
  com.unity.analytics from version 2.0.16 to 3.0.9
  com.unity.package-manager-ui from version 1.9.11 to 2.0.3
  com.unity.render-pipelines.high-definition from version 3.0.0-preview to 3.3.0-preview
  com.unity.shadergraph from version 3.0.0-preview to 3.3.0-preview
  com.unity.textmeshpro from version 1.2.4 to 1.3.0

=== Fri Nov 16 12:37:08 2018

Packages were changed.
Update Mode: updateDependencies

The following packages were updated:
  com.unity.analytics from version 3.0.9 to 3.2.0

=== Wed Nov 21 17:03:58 2018

Packages were changed.
Update Mode: updateDependencies

The following packages were updated:
  com.unity.analytics from version 3.2.0 to 3.2.2

=== Thu Dec  6 17:07:40 2018

Packages were changed.
Update Mode: updateDependencies

The following packages were added:
  com.unity.timeline@0.0.0-builtin
  com.unity.xr.legacyinputhelpers@1.0.0
The following packages were updated:
  com.unity.package-manager-ui from version 2.0.3 to 0.0.0-builtin
  com.unity.render-pipelines.high-definition from version 4.3.0-preview to 5.0.0-preview
  com.unity.shadergraph from version 4.3.0-preview to 5.0.0-preview

=== Thu Dec  6 17:24:18 2018

Packages were changed.
Update Mode: resetToDefaultDependencies

The following packages were added:
  com.unity.analytics@3.2.2
  com.unity.purchasing@2.0.1
  com.unity.ads@2.0.8
  com.unity.textmeshpro@1.3.0
  com.unity.package-manager-ui@0.0.0-builtin
  com.unity.collab-proxy@1.2.9
  com.unity.timeline@0.0.0-builtin
  com.unity.modules.ai@1.0.0
  com.unity.modules.animation@1.0.0
  com.unity.modules.assetbundle@1.0.0
  com.unity.modules.audio@1.0.0
  com.unity.modules.cloth@1.0.0
  com.unity.modules.director@1.0.0
  com.unity.modules.imageconversion@1.0.0
  com.unity.modules.imgui@1.0.0
  com.unity.modules.jsonserialize@1.0.0
  com.unity.modules.particlesystem@1.0.0
  com.unity.modules.physics@1.0.0
  com.unity.modules.physics2d@1.0.0
  com.unity.modules.screencapture@1.0.0
  com.unity.modules.terrain@1.0.0
  com.unity.modules.terrainphysics@1.0.0
  com.unity.modules.tilemap@1.0.0
  com.unity.modules.ui@1.0.0
  com.unity.modules.uielements@1.0.0
  com.unity.modules.umbra@1.0.0
  com.unity.modules.unityanalytics@1.0.0
  com.unity.modules.unitywebrequest@1.0.0
  com.unity.modules.unitywebrequestassetbundle@1.0.0
  com.unity.modules.unitywebrequestaudio@1.0.0
  com.unity.modules.unitywebrequesttexture@1.0.0
  com.unity.modules.unitywebrequestwww@1.0.0
  com.unity.modules.vehicles@1.0.0
  com.unity.modules.video@1.0.0
  com.unity.modules.vr@1.0.0
  com.unity.modules.wind@1.0.0
  com.unity.modules.xr@1.0.0

=== Wed Dec 12 14:48:39 2018

Packages were changed.
Update Mode: resetToDefaultDependencies

The following packages were added:
  com.unity.analytics@3.2.2
  com.unity.purchasing@2.0.3
  com.unity.ads@2.3.1
  com.unity.textmeshpro@1.3.0
  com.unity.package-manager-ui@2.0.3
  com.unity.collab-proxy@1.2.15
  com.unity.modules.ai@1.0.0
  com.unity.modules.animation@1.0.0
  com.unity.modules.assetbundle@1.0.0
  com.unity.modules.audio@1.0.0
  com.unity.modules.cloth@1.0.0
  com.unity.modules.director@1.0.0
  com.unity.modules.imageconversion@1.0.0
  com.unity.modules.imgui@1.0.0
  com.unity.modules.jsonserialize@1.0.0
  com.unity.modules.particlesystem@1.0.0
  com.unity.modules.physics@1.0.0
  com.unity.modules.physics2d@1.0.0
  com.unity.modules.screencapture@1.0.0
  com.unity.modules.terrain@1.0.0
  com.unity.modules.terrainphysics@1.0.0
  com.unity.modules.tilemap@1.0.0
  com.unity.modules.ui@1.0.0
  com.unity.modules.uielements@1.0.0
  com.unity.modules.umbra@1.0.0
  com.unity.modules.unityanalytics@1.0.0
  com.unity.modules.unitywebrequest@1.0.0
  com.unity.modules.unitywebrequestassetbundle@1.0.0
  com.unity.modules.unitywebrequestaudio@1.0.0
  com.unity.modules.unitywebrequesttexture@1.0.0
  com.unity.modules.unitywebrequestwww@1.0.0
  com.unity.modules.vehicles@1.0.0
  com.unity.modules.video@1.0.0
  com.unity.modules.vr@1.0.0
  com.unity.modules.wind@1.0.0
  com.unity.modules.xr@1.0.0
